2025-07-29 14:21:08,850 17664 INFO ? odoo: Odoo version 18.0 
2025-07-29 14:21:08,850 17664 INFO ? odoo: Using configuration file at C:\Users\Dev\Documents\AnkurProjects\odoo\odoo.conf 
2025-07-29 14:21:08,850 17664 INFO ? odoo: addons paths: ['C:\\Users\\Dev\\Documents\\AnkurProjects\\odoo\\odoo\\addons', 'c:\\users\\dev\\appdata\\local\\openerp s.a\\odoo\\addons\\18.0', 'c:\\users\\dev\\documents\\ankurprojects\\odoo\\addons', 'c:\\users\\dev\\documents\\ankurprojects\\odoo\\odoo\\addons'] 
2025-07-29 14:21:08,850 17664 INFO ? odoo: database: odoo_user@localhost:5432 
2025-07-29 14:21:09,072 17664 INFO ? odoo.addons.base.models.ir_actions_report: You need Wkhtmltopdf to print a pdf version of the reports. 
2025-07-29 14:21:09,094 17664 INFO ? odoo.addons.base.models.ir_actions_report: You need Wkhtmltoimage to generate images from html. 
2025-07-29 14:21:09,510 17664 INFO ? odoo.service.server: Initiating shutdown 
2025-07-29 14:21:09,510 17664 INFO ? odoo.service.server: Hit CTRL-C again or send a second signal to force the shutdown. 
2025-07-29 14:21:09,637 17664 INFO ats_db odoo.modules.loading: loading 1 modules... 
2025-07-29 14:21:09,637 17664 INFO ats_db odoo.modules.loading: 1 modules loaded in 0.00s, 0 queries (+0 extra) 
2025-07-29 14:21:09,668 17664 WARNING ats_db odoo.modules.module: Missing `license` key in manifest for 'ats_interview', defaulting to LGPL-3 
2025-07-29 14:21:09,690 17664 WARNING ats_db odoo.modules.module: Missing `license` key in manifest for 'ats_test', defaulting to LGPL-3 
2025-07-29 14:21:09,716 17664 INFO ats_db odoo.modules.loading: loading 43 modules... 
2025-07-29 14:21:09,731 17664 WARNING ats_db odoo.addons.attachment_indexation.models.ir_attachment: Attachment indexation of PDF documents is unavailable because the 'pdfminer' Python library cannot be found on the system. You may install it from https://pypi.org/project/pdfminer.six/ (e.g. `pip3 install pdfminer.six`) 
2025-07-29 14:21:10,807 17664 INFO ats_db odoo.modules.loading: 43 modules loaded in 1.09s, 0 queries (+0 extra) 
2025-07-29 14:21:10,959 17664 INFO ats_db odoo.modules.loading: Modules loaded. 
2025-07-29 14:21:10,959 17664 INFO ats_db odoo.modules.registry: Registry loaded in 1.449s 
2025-07-29 14:22:48,628 17664 INFO ats_db odoo.sql_db: Connection to the database failed 
2025-07-29 14:26:15,807 17664 WARNING ats_db odoo.addons.base.models.res_users: _check_credentials without 'interactive' env key, assuming interactive login.                     Check calls and overrides to ensure the 'interactive' key is properly set in                     all _check_credentials environments 
2025-07-29 14:27:09,982 17664 WARNING ats_db odoo.addons.base.models.res_users: _check_credentials without 'interactive' env key, assuming interactive login.                     Check calls and overrides to ensure the 'interactive' key is properly set in                     all _check_credentials environments 
2025-07-29 14:28:07,341 17664 WARNING ats_db odoo.addons.base.models.res_users: _check_credentials without 'interactive' env key, assuming interactive login.                     Check calls and overrides to ensure the 'interactive' key is properly set in                     all _check_credentials environments 
2025-07-29 14:34:39,092 17664 WARNING ats_db odoo.addons.base.models.res_users: _check_credentials without 'interactive' env key, assuming interactive login.                     Check calls and overrides to ensure the 'interactive' key is properly set in                     all _check_credentials environments 
2025-07-29 14:38:28,548 17664 WARNING ats_db odoo.addons.base.models.res_users: _check_credentials without 'interactive' env key, assuming interactive login.                     Check calls and overrides to ensure the 'interactive' key is properly set in                     all _check_credentials environments 
2025-07-29 14:39:48,047 17664 INFO ats_db odoo.models.unlink: User #1 deleted discuss.channel.member records with IDs: [3] 
2025-07-29 14:39:49,084 17664 INFO ats_db odoo.models.unlink: User #1 deleted res.users records with IDs: [6] 
2025-07-29 14:46:22,112 17664 WARNING ats_db odoo.sql_db: Cursor not closed explicitly
Please enable sql debugging to trace the caller. 
2025-07-29 15:08:51,548 8376 INFO ? odoo: Odoo version 18.0 
2025-07-29 15:08:51,548 8376 INFO ? odoo: Using configuration file at C:\Users\Dev\Documents\AnkurProjects\odoo\odoo.conf 
2025-07-29 15:08:51,548 8376 INFO ? odoo: addons paths: ['C:\\Users\\Dev\\Documents\\AnkurProjects\\odoo\\odoo\\addons', 'c:\\users\\dev\\appdata\\local\\openerp s.a\\odoo\\addons\\18.0', 'c:\\users\\dev\\documents\\ankurprojects\\odoo\\addons', 'c:\\users\\dev\\documents\\ankurprojects\\odoo\\odoo\\addons'] 
2025-07-29 15:08:51,548 8376 INFO ? odoo: database: odoo_user@localhost:5432 
2025-07-29 15:08:51,739 8376 INFO ? odoo.addons.base.models.ir_actions_report: You need Wkhtmltopdf to print a pdf version of the reports. 
2025-07-29 15:08:51,739 8376 INFO ? odoo.addons.base.models.ir_actions_report: You need Wkhtmltoimage to generate images from html. 
2025-07-29 15:08:52,231 8376 INFO ? odoo.service.server: Initiating shutdown 
2025-07-29 15:08:52,231 8376 INFO ? odoo.service.server: Hit CTRL-C again or send a second signal to force the shutdown. 
2025-07-29 15:08:52,336 8376 INFO ats_db odoo.modules.loading: loading 1 modules... 
2025-07-29 15:08:52,356 8376 INFO ats_db odoo.modules.loading: 1 modules loaded in 0.02s, 0 queries (+0 extra) 
2025-07-29 15:08:52,368 8376 WARNING ats_db odoo.modules.module: Missing `license` key in manifest for 'ats_interview', defaulting to LGPL-3 
2025-07-29 15:08:52,400 8376 WARNING ats_db odoo.modules.module: Missing `license` key in manifest for 'ats_test', defaulting to LGPL-3 
2025-07-29 15:08:52,416 8376 INFO ats_db odoo.modules.loading: loading 43 modules... 
2025-07-29 15:08:52,432 8376 WARNING ats_db odoo.addons.attachment_indexation.models.ir_attachment: Attachment indexation of PDF documents is unavailable because the 'pdfminer' Python library cannot be found on the system. You may install it from https://pypi.org/project/pdfminer.six/ (e.g. `pip3 install pdfminer.six`) 
2025-07-29 15:08:53,404 8376 INFO ats_db odoo.modules.loading: 43 modules loaded in 0.99s, 0 queries (+0 extra) 
2025-07-29 15:08:53,526 8376 INFO ats_db odoo.modules.loading: Modules loaded. 
2025-07-29 15:08:53,542 8376 INFO ats_db odoo.modules.registry: Registry loaded in 1.312s 
2025-07-29 15:20:34,526 17536 INFO ? odoo: Odoo version 18.0 
2025-07-29 15:20:34,526 17536 INFO ? odoo: Using configuration file at C:\Users\Dev\Documents\AnkurProjects\odoo\odoo.conf 
2025-07-29 15:20:34,526 17536 INFO ? odoo: addons paths: ['C:\\Users\\Dev\\Documents\\AnkurProjects\\odoo\\odoo\\addons', 'c:\\users\\dev\\appdata\\local\\openerp s.a\\odoo\\addons\\18.0', 'c:\\users\\dev\\documents\\ankurprojects\\odoo\\addons', 'c:\\users\\dev\\documents\\ankurprojects\\odoo\\odoo\\addons'] 
2025-07-29 15:20:34,526 17536 INFO ? odoo: database: odoo_user@localhost:5432 
2025-07-29 15:20:35,837 17536 INFO ? odoo.addons.base.models.ir_actions_report: You need Wkhtmltopdf to print a pdf version of the reports. 
2025-07-29 15:20:35,863 17536 INFO ? odoo.addons.base.models.ir_actions_report: You need Wkhtmltoimage to generate images from html. 
2025-07-29 15:20:38,409 17536 INFO ? odoo.service.server: Initiating shutdown 
2025-07-29 15:20:38,409 17536 INFO ? odoo.service.server: Hit CTRL-C again or send a second signal to force the shutdown. 
2025-07-29 15:20:38,542 17536 INFO ats_db odoo.modules.loading: loading 1 modules... 
2025-07-29 15:20:38,551 17536 INFO ats_db odoo.modules.loading: 1 modules loaded in 0.01s, 0 queries (+0 extra) 
2025-07-29 15:20:38,598 17536 WARNING ats_db odoo.modules.module: Missing `license` key in manifest for 'ats_interview', defaulting to LGPL-3 
2025-07-29 15:20:38,634 17536 WARNING ats_db odoo.modules.module: Missing `license` key in manifest for 'ats_test', defaulting to LGPL-3 
2025-07-29 15:20:38,682 17536 INFO ats_db odoo.modules.loading: loading 43 modules... 
2025-07-29 15:20:38,714 17536 WARNING ats_db odoo.addons.attachment_indexation.models.ir_attachment: Attachment indexation of PDF documents is unavailable because the 'pdfminer' Python library cannot be found on the system. You may install it from https://pypi.org/project/pdfminer.six/ (e.g. `pip3 install pdfminer.six`) 
2025-07-29 15:20:45,732 17536 INFO ats_db odoo.modules.loading: 43 modules loaded in 7.05s, 0 queries (+0 extra) 
2025-07-29 15:20:45,931 17536 INFO ats_db odoo.modules.loading: Modules loaded. 
2025-07-29 15:20:45,942 17536 INFO ats_db odoo.modules.registry: Registry loaded in 7.527s 
